========================================
Astral Engine Log File
Started: 2025-09-15 19:09:41
========================================

[19:09:41.920] [INFO] [Logger] File logging initialized successfully
[19:09:41.920] [INFO] [Main] Starting Astral Engine...
[19:09:41.920] [INFO] [Main] Engine Version: 0.1.0-alpha
[19:09:41.920] [INFO] [Engine] Engine instance created
[19:09:41.920] [INFO] [Main] Registering subsystems...
[19:09:41.920] [DEBUG] [PlatformSubsystem] PlatformSubsystem created
[19:09:41.921] [DEBUG] [AssetSubsystem] AssetSubsystem created
[19:09:41.921] [INFO] [Main] All subsystems registered. Starting engine...
[19:09:41.921] [INFO] [Engine] Starting engine...
[19:09:41.921] [INFO] [Engine] Initializing engine and subsystems...
[19:09:41.921] [INFO] [Engine] Initializing subsystem: PlatformSubsystem
[19:09:41.921] [INFO] [PlatformSubsystem] Initializing platform subsystem...
[19:09:41.921] [INFO] [PlatformSubsystem] Using SDL3 for platform abstraction
[19:09:41.921] [DEBUG] [Window] Window instance created
[19:09:41.921] [INFO] [Window] Initializing window: 'Astral Engine v0.1.0-alpha' (1280x720)
[19:09:41.974] [INFO] [Window] SDL3 window created successfully
[19:09:41.974] [INFO] [Window] Window initialized successfully
[19:09:41.974] [DEBUG] [InputManager] InputManager created
[19:09:41.974] [INFO] [InputManager] InputManager initialized successfully
[19:09:41.974] [WARN] [Window] CreateRenderContext called - Vulkan doesn't need traditional render context
[19:09:41.974] [WARN] [Window] Use CreateVulkanSurface for Vulkan rendering instead
[19:09:41.974] [INFO] [PlatformSubsystem] Platform subsystem initialized successfully
[19:09:41.974] [INFO] [PlatformSubsystem] Window: 1280x720, VSync: enabled
[19:09:41.974] [INFO] [Engine] Initializing subsystem: AssetSubsystem
[19:09:41.974] [INFO] [AssetSubsystem] Initializing asset subsystem...
[19:09:41.974] [DEBUG] [AssetManager] AssetManager created
[19:09:41.975] [INFO] [AssetManager] AssetManager initialized with directory: 'Assets'
[19:09:41.975] [INFO] [AssetSubsystem] Asset subsystem initialized successfully. Asset directory: 'Assets'
[19:09:41.975] [INFO] [Engine] Initializing subsystem: VulkanRenderer
[19:09:41.975] [INFO] [VulkanRenderer] Initializing VulkanRenderer...
[19:09:41.991] [DEBUG] [VulkanInstance] [Vulkan Debug][INFO][GENERAL]: No valid vk_loader_settings.json file found, no loader settings will be active
[19:09:41.991] [DEBUG] [VulkanInstance] [Vulkan Debug][INFO][GENERAL]: windows_get_app_package_manifest_path: Failed to find mapping layers packages by family name
[19:09:41.991] [DEBUG] [VulkanInstance] [Vulkan Debug][INFO][GENERAL]: Checking for Layer Manifest files in Registry at HKEY_LOCAL_MACHINE\SOFTWARE\Khronos\Vulkan\ImplicitLayers
[19:09:41.991] [DEBUG] [VulkanInstance] [Vulkan Debug][INFO][GENERAL]: windows_add_json_entry: Located json file "C:\WINDOWS\System32\DriverStore\FileRepository\u0415346.inf_amd64_65a03ee01ac1140e\B413472\amd-vulkan64.json" from PnP registry: E
[19:09:41.991] [DEBUG] [VulkanInstance] [Vulkan Debug][INFO][GENERAL]: Located json file "C:\Program Files (x86)\Steam\SteamOverlayVulkanLayer64.json" from registry "HKEY_LOCAL_MACHINE\SOFTWARE\Khronos\Vulkan\ImplicitLayers"
[19:09:41.991] [DEBUG] [VulkanInstance] [Vulkan Debug][INFO][GENERAL]: Located json file "C:\Program Files (x86)\Steam\SteamFossilizeVulkanLayer64.json" from registry "HKEY_LOCAL_MACHINE\SOFTWARE\Khronos\Vulkan\ImplicitLayers"
[19:09:41.991] [DEBUG] [VulkanInstance] [Vulkan Debug][INFO][GENERAL]: Located json file "C:\Users\tpoyr\Downloads\RenderDoc_1.40_64\RenderDoc_1.40_64\renderdoc.json" from registry "HKEY_LOCAL_MACHINE\SOFTWARE\Khronos\Vulkan\ImplicitLayers"
[19:09:41.992] [DEBUG] [VulkanInstance] [Vulkan Debug][INFO][GENERAL]: Found manifest file C:\WINDOWS\System32\DriverStore\FileRepository\u0415346.inf_amd64_65a03ee01ac1140e\B413472\amd-vulkan64.json (file version 1.0.0)
[19:09:41.992] [DEBUG] [VulkanInstance] [Vulkan Debug][INFO][GENERAL]: Found manifest file C:\Program Files (x86)\Steam\SteamOverlayVulkanLayer64.json (file version 1.0.0)
[19:09:41.992] [DEBUG] [VulkanInstance] [Vulkan Debug][INFO][GENERAL]: Found manifest file C:\Program Files (x86)\Steam\SteamFossilizeVulkanLayer64.json (file version 1.0.0)
[19:09:41.992] [DEBUG] [VulkanInstance] [Vulkan Debug][INFO][GENERAL]: Found manifest file C:\Users\tpoyr\Downloads\RenderDoc_1.40_64\RenderDoc_1.40_64\renderdoc.json (file version 1.1.2)
[19:09:41.992] [DEBUG] [VulkanInstance] [Vulkan Debug][INFO][GENERAL]: Checking for Layer Manifest files in Registry at HKEY_LOCAL_MACHINE\SOFTWARE\Khronos\Vulkan\ExplicitLayers
[19:09:41.993] [DEBUG] [VulkanInstance] [Vulkan Debug][INFO][GENERAL]: windows_get_device_registry_files: opening device PCI\VEN_1002&DEV_67DF&SUBSYS_23111458&REV_E1\4&1fc990d7&0&0019
[19:09:41.993] [DEBUG] [VulkanInstance] [Vulkan Debug][INFO][GENERAL]: windows_get_device_registry_entry: Device ID(1) Does not contain a value for "VulkanExplicitLayers"
[19:09:41.993] [DEBUG] [VulkanInstance] [Vulkan Debug][INFO][GENERAL]: windows_get_device_registry_files: Opening child device 99 - SWD\DRIVERENUM\AMDOCL&5&3E52D92&0
[19:09:41.993] [DEBUG] [VulkanInstance] [Vulkan Debug][INFO][GENERAL]: windows_get_device_registry_entry: Device ID(99) Does not contain a value for "VulkanExplicitLayers"
[19:09:41.993] [DEBUG] [VulkanInstance] [Vulkan Debug][INFO][GENERAL]: windows_get_device_registry_files: Opening child device 65 - SWD\DRIVERENUM\AMDWIN&5&3E52D92&0
[19:09:41.993] [DEBUG] [VulkanInstance] [Vulkan Debug][INFO][GENERAL]: windows_get_device_registry_entry: Device ID(65) Does not contain a value for "VulkanExplicitLayers"
[19:09:41.993] [DEBUG] [VulkanInstance] [Vulkan Debug][INFO][GENERAL]: windows_get_device_registry_files: Opening child device 114 - DISPLAY\HCS0270\5&3E52D92&0&UID256
[19:09:41.993] [DEBUG] [VulkanInstance] [Vulkan Debug][VERBOSE][GENERAL]: windows_get_device_registry_files: GUID for 114 is not SoftwareComponent skipping
[19:09:41.993] [DEBUG] [VulkanInstance] [Vulkan Debug][INFO][GENERAL]: windows_get_device_registry_files: found no registry files
[19:09:41.993] [DEBUG] [VulkanInstance] [Vulkan Debug][INFO][GENERAL]: Located json file "C:\VulkanSDK\1.4.321.1\Bin\VkLayer_api_dump.json" from registry "HKEY_LOCAL_MACHINE\SOFTWARE\Khronos\Vulkan\ExplicitLayers"
[19:09:41.993] [DEBUG] [VulkanInstance] [Vulkan Debug][INFO][GENERAL]: Located json file "C:\VulkanSDK\1.4.321.1\Bin\VkLayer_gfxreconstruct.json" from registry "HKEY_LOCAL_MACHINE\SOFTWARE\Khronos\Vulkan\ExplicitLayers"
[19:09:41.993] [DEBUG] [VulkanInstance] [Vulkan Debug][INFO][GENERAL]: Located json file "C:\VulkanSDK\1.4.321.1\Bin\VkLayer_khronos_synchronization2.json" from registry "HKEY_LOCAL_MACHINE\SOFTWARE\Khronos\Vulkan\ExplicitLayers"
[19:09:41.994] [DEBUG] [VulkanInstance] [Vulkan Debug][INFO][GENERAL]: Located json file "C:\VulkanSDK\1.4.321.1\Bin\VkLayer_khronos_validation.json" from registry "HKEY_LOCAL_MACHINE\SOFTWARE\Khronos\Vulkan\ExplicitLayers"
[19:09:41.994] [DEBUG] [VulkanInstance] [Vulkan Debug][INFO][GENERAL]: Located json file "C:\VulkanSDK\1.4.321.1\Bin\VkLayer_monitor.json" from registry "HKEY_LOCAL_MACHINE\SOFTWARE\Khronos\Vulkan\ExplicitLayers"
[19:09:41.994] [DEBUG] [VulkanInstance] [Vulkan Debug][INFO][GENERAL]: Located json file "C:\VulkanSDK\1.4.321.1\Bin\VkLayer_screenshot.json" from registry "HKEY_LOCAL_MACHINE\SOFTWARE\Khronos\Vulkan\ExplicitLayers"
[19:09:41.994] [DEBUG] [VulkanInstance] [Vulkan Debug][INFO][GENERAL]: Located json file "C:\VulkanSDK\1.4.321.1\Bin\VkLayer_khronos_profiles.json" from registry "HKEY_LOCAL_MACHINE\SOFTWARE\Khronos\Vulkan\ExplicitLayers"
[19:09:41.994] [DEBUG] [VulkanInstance] [Vulkan Debug][INFO][GENERAL]: Located json file "C:\VulkanSDK\1.4.321.1\Bin\VkLayer_khronos_shader_object.json" from registry "HKEY_LOCAL_MACHINE\SOFTWARE\Khronos\Vulkan\ExplicitLayers"
[19:09:41.994] [DEBUG] [VulkanInstance] [Vulkan Debug][INFO][GENERAL]: Located json file "C:\VulkanSDK\1.4.321.1\Bin\VkLayer_crash_diagnostic.json" from registry "HKEY_LOCAL_MACHINE\SOFTWARE\Khronos\Vulkan\ExplicitLayers"
[19:09:41.994] [DEBUG] [VulkanInstance] [Vulkan Debug][INFO][GENERAL]: Found manifest file C:\VulkanSDK\1.4.321.1\Bin\VkLayer_api_dump.json (file version 1.2.0)
[19:09:41.994] [DEBUG] [VulkanInstance] [Vulkan Debug][INFO][GENERAL]: Found manifest file C:\VulkanSDK\1.4.321.1\Bin\VkLayer_gfxreconstruct.json (file version 1.2.0)
[19:09:41.995] [DEBUG] [VulkanInstance] [Vulkan Debug][INFO][GENERAL]: Found manifest file C:\VulkanSDK\1.4.321.1\Bin\VkLayer_khronos_synchronization2.json (file version 1.2.0)
[19:09:41.995] [DEBUG] [VulkanInstance] [Vulkan Debug][INFO][GENERAL]: Found manifest file C:\VulkanSDK\1.4.321.1\Bin\VkLayer_khronos_validation.json (file version 1.2.0)
[19:09:41.996] [DEBUG] [VulkanInstance] [Vulkan Debug][INFO][GENERAL]: Found manifest file C:\VulkanSDK\1.4.321.1\Bin\VkLayer_monitor.json (file version 1.0.0)
[19:09:41.996] [DEBUG] [VulkanInstance] [Vulkan Debug][INFO][GENERAL]: Found manifest file C:\VulkanSDK\1.4.321.1\Bin\VkLayer_screenshot.json (file version 1.2.0)
[19:09:41.996] [DEBUG] [VulkanInstance] [Vulkan Debug][INFO][GENERAL]: Found manifest file C:\VulkanSDK\1.4.321.1\Bin\VkLayer_khronos_profiles.json (file version 1.2.1)
[19:09:41.996] [DEBUG] [VulkanInstance] [Vulkan Debug][INFO][GENERAL]: Found manifest file C:\VulkanSDK\1.4.321.1\Bin\VkLayer_khronos_shader_object.json (file version 1.2.0)
[19:09:41.997] [DEBUG] [VulkanInstance] [Vulkan Debug][INFO][GENERAL]: Found manifest file C:\VulkanSDK\1.4.321.1\Bin\VkLayer_crash_diagnostic.json (file version 1.2.0)
[19:09:41.997] [DEBUG] [VulkanInstance] [Vulkan Debug][INFO][GENERAL]: windows_get_app_package_manifest_path: Failed to find mapping layers packages by family name
[19:09:41.997] [DEBUG] [VulkanInstance] [Vulkan Debug][INFO][GENERAL]: Checking for Driver Manifest files in Registry at HKEY_LOCAL_MACHINE\SOFTWARE\Khronos\Vulkan\Drivers
[19:09:41.997] [DEBUG] [VulkanInstance] [Vulkan Debug][INFO][GENERAL]: windows_add_json_entry: Located json file "C:\WINDOWS\System32\DriverStore\FileRepository\u0415346.inf_amd64_65a03ee01ac1140e\B413472\amd-vulkan64.json" from PnP registry: E
[19:09:41.997] [DEBUG] [VulkanInstance] [Vulkan Debug][INFO][GENERAL]: Found no registry files in HKEY_LOCAL_MACHINE\SOFTWARE\Khronos\Vulkan\Drivers
[19:09:41.998] [DEBUG] [VulkanInstance] [Vulkan Debug][INFO][GENERAL]: Found ICD manifest file C:\WINDOWS\System32\DriverStore\FileRepository\u0415346.inf_amd64_65a03ee01ac1140e\B413472\amd-vulkan64.json, version 1.0.0
[19:09:41.998] [DEBUG] [VulkanInstance] [Vulkan Debug][VERBOSE][GENERAL]: Searching for ICD drivers named .\amdvlk64.dll
[19:09:41.998] [WARN] [VulkanInstance] [Vulkan Debug][WARNING][GENERAL]: Layer VK_LAYER_AMD_switchable_graphics uses API version 1.3 which is older than the application specified API version of 1.4. May cause issues.
[19:09:41.998] [DEBUG] [VulkanInstance] [Vulkan Debug][VERBOSE][GENERAL]: Loading layer library C:\WINDOWS\System32\DriverStore\FileRepository\u0415346.inf_amd64_65a03ee01ac1140e\B413472\.\amdvlk64.dll
[19:09:41.998] [DEBUG] [VulkanInstance] [Vulkan Debug][INFO][GENERAL]: Insert instance layer "VK_LAYER_AMD_switchable_graphics" (C:\WINDOWS\System32\DriverStore\FileRepository\u0415346.inf_amd64_65a03ee01ac1140e\B413472\.\amdvlk64.dll)
[19:09:41.998] [DEBUG] [VulkanInstance] [Vulkan Debug][INFO][GENERAL]: vkCreateInstance layer callstack setup to:
[19:09:41.998] [DEBUG] [VulkanInstance] [Vulkan Debug][INFO][GENERAL]:    <Application>
[19:09:41.998] [DEBUG] [VulkanInstance] [Vulkan Debug][INFO][GENERAL]:      ||
[19:09:41.998] [DEBUG] [VulkanInstance] [Vulkan Debug][INFO][GENERAL]:    <Loader>
[19:09:41.998] [DEBUG] [VulkanInstance] [Vulkan Debug][INFO][GENERAL]:      ||
[19:09:41.998] [DEBUG] [VulkanInstance] [Vulkan Debug][INFO][GENERAL]:    VK_LAYER_AMD_switchable_graphics
[19:09:41.998] [DEBUG] [VulkanInstance] [Vulkan Debug][INFO][GENERAL]:            Type: Implicit
[19:09:41.998] [DEBUG] [VulkanInstance] [Vulkan Debug][INFO][GENERAL]:            Enabled By: Implicit Layer
[19:09:41.998] [DEBUG] [VulkanInstance] [Vulkan Debug][INFO][GENERAL]:                Disable Env Var:  DISABLE_LAYER_AMD_SWITCHABLE_GRAPHICS_1
[19:09:41.999] [DEBUG] [VulkanInstance] [Vulkan Debug][INFO][GENERAL]:            Manifest: C:\WINDOWS\System32\DriverStore\FileRepository\u0415346.inf_amd64_65a03ee01ac1140e\B413472\amd-vulkan64.json
[19:09:41.999] [DEBUG] [VulkanInstance] [Vulkan Debug][INFO][GENERAL]:            Library:  C:\WINDOWS\System32\DriverStore\FileRepository\u0415346.inf_amd64_65a03ee01ac1140e\B413472\.\amdvlk64.dll
[19:09:41.999] [DEBUG] [VulkanInstance] [Vulkan Debug][INFO][GENERAL]:      ||
[19:09:41.999] [DEBUG] [VulkanInstance] [Vulkan Debug][INFO][GENERAL]:    <Drivers>
[19:09:42.021] [WARN] [VulkanInstance] Debug utils extension not available - debug callback disabled
[19:09:42.023] [INFO] [VulkanGraphicsContext] Vulkan instance initialized successfully
[19:09:42.023] [INFO] [VulkanGraphicsContext] Initializing Vulkan device...
[19:09:42.023] [INFO] [VulkanGraphicsContext] Getting PlatformSubsystem from engine...
[19:09:42.023] [INFO] [VulkanGraphicsContext] PlatformSubsystem found: 1783690998016
[19:09:42.024] [INFO] [VulkanGraphicsContext] Window found: 1783691181600
[19:09:42.024] [INFO] [VulkanGraphicsContext] Calling VulkanDevice::Initialize...
[19:09:42.024] [INFO] [VulkanDevice] Initializing VulkanDevice...
[19:09:42.024] [INFO] [VulkanDevice] Creating Vulkan surface...
[19:09:42.024] [INFO] [VulkanDevice] Instance: 1783723748944
[19:09:42.024] [INFO] [VulkanDevice] Window: 1783691181600
[19:09:42.024] [INFO] [Window] Vulkan surface created successfully
[19:09:42.024] [INFO] [VulkanDevice] Vulkan surface created successfully: 1783723732752
[19:09:42.025] [INFO] [VulkanDevice] Found 1 Vulkan-capable GPUs
[19:09:42.026] [INFO] [VulkanDevice] Device 'Radeon RX 590 Series' score: 17584
[19:09:42.026] [INFO] [VulkanDevice] Reasons:
Discrete GPU (+1000)
Max texture size: 16384
Geometry shader supported (+100)
Tessellation shader supported (+100)

[19:09:42.033] [INFO] [VulkanDevice] Logical device created successfully
[19:09:42.033] [INFO] [VulkanDevice] Device queues retrieved successfully
[19:09:42.033] [INFO] [VulkanDevice] VulkanDevice initialized successfully
[19:09:42.033] [INFO] [VulkanDevice] Selected GPU: Radeon RX 590 Series
[19:09:42.033] [INFO] [VulkanGraphicsContext] Vulkan device initialized successfully
[19:09:42.033] [INFO] [VulkanSwapchain] Initializing VulkanSwapchain...
[19:09:42.034] [INFO] [VulkanSwapchain] Selected surface format: VK_FORMAT_B8G8R8A8_SRGB with SRGB nonlinear color space
[19:09:42.034] [INFO] [VulkanSwapchain] Selected present mode: VK_PRESENT_MODE_FIFO_KHR (VSync)
[19:09:42.034] [INFO] [VulkanSwapchain] Using surface-defined extent: 1280x720
[19:09:42.034] [INFO] [VulkanSwapchain] Creating swapchain with 3 images
[19:09:42.095] [INFO] [VulkanSwapchain] Swapchain created successfully
[19:09:42.095] [INFO] [VulkanSwapchain] Created 3 image views
[19:09:42.095] [INFO] [VulkanSwapchain] Selected depth format: 126
[19:09:42.096] [INFO] [VulkanSwapchain] Depth resources created successfully
[19:09:42.096] [INFO] [VulkanSwapchain] Render pass created successfully
[19:09:42.096] [INFO] [VulkanSwapchain] Created 3 framebuffers
[19:09:42.096] [INFO] [VulkanSwapchain] VulkanSwapchain initialized successfully
[19:09:42.096] [INFO] [VulkanSwapchain] Swapchain extent: 1280x720
[19:09:42.096] [INFO] [VulkanSwapchain] Swapchain image count: 3
[19:09:42.096] [INFO] [VulkanSwapchain] Swapchain format: 50
[19:09:42.096] [INFO] [VulkanSwapchain] Depth format: 126
[19:09:42.096] [INFO] [VulkanGraphicsContext] Vulkan swapchain initialized successfully
[19:09:42.096] [INFO] [VulkanRenderer] Graphics context initialized successfully
[19:09:42.096] [INFO] [VulkanRenderer] Initial viewport set to swapchain extent (1280x720)
[19:09:42.096] [INFO] [VulkanCommandPool] Initializing Vulkan command pool...
[19:09:42.096] [INFO] [VulkanCommandPool] Vulkan command pool initialized successfully
[19:09:42.097] [DEBUG] [VulkanCommandBufferManager] Command pool created successfully
[19:09:42.097] [DEBUG] [VulkanCommandPool] Allocated 2 command buffers
[19:09:42.097] [DEBUG] [VulkanCommandBufferManager] Command buffers allocated successfully
[19:09:42.097] [DEBUG] [VulkanCommandBufferManager] Synchronization objects created successfully
[19:09:42.097] [INFO] [VulkanCommandBufferManager] Command buffer manager initialized successfully
[19:09:42.097] [INFO] [VulkanRenderer] Command buffer manager initialized successfully
[19:09:42.097] [INFO] [VulkanRenderer] Render command queue initialized successfully
[19:09:42.097] [INFO] [VulkanRenderer] Initializing shaders
[19:09:42.124] [INFO] [ShaderValidator] glslangValidator found: Glslang Version: 11:15.3.0
ESSL Version: OpenGL ES GLSL 3.20 glslang Khronos. 15.3.0
GLSL Version: 4.60 glslang Khronos. 15.3.0
SPIR-V Version 0x00010600, Revision 1
GLSL.std.450 Version 100, Revision 1
Khronos Tool ID 8
SPIR-V Generator Version 11
GL_KHR_vulkan_glsl version 100
ARB_GL_gl_spirv version 100

[19:09:42.147] [INFO] [ShaderValidator] spirv-val found: SPIRV-Tools v2025.3 v2025.3.rc1-0-g33e02568
Targets:
  SPIR-V 1.0
  SPIR-V 1.1
  SPIR-V 1.2
  SPIR-V 1.3
  SPIR-V 1.4
  SPIR-V 1.5
  SPIR-V 1.6
  SPIR-V 1.2 (under OpenCL 2.2 Full Profile semantics)
  SPIR-V 1.0 (under Vulkan 1.0 semantics)
  SPIR-V 1.3 (under Vulkan 1.1 semantics)
  SPIR-V 1.4 (under Vulkan 1.1 semantics)
  SPIR-V 1.5 (under Vulkan 1.2 semantics)
  SPIR-V 1.6 (under Vulkan 1.3 semantics) SPIR-V 1.6 (under Vulkan 1.4 semantics)

[19:09:42.147] [INFO] [VulkanRenderer] Shader validation tools are available.
[19:09:42.147] [INFO] [VulkanRenderer] Base path: build\bin\Debug
[19:09:42.147] [INFO] [VulkanRenderer] Vertex shader path: build\bin\Debug\Assets\Shaders\triangle.vert.spv
[19:09:42.147] [INFO] [VulkanRenderer] Fragment shader path: build\bin\Debug\Assets\Shaders\triangle.frag.spv
[19:09:42.148] [INFO] [VulkanRenderer] Shader files found, proceeding with initialization
[19:09:42.170] [INFO] [ShaderValidator] glslangValidator found: Glslang Version: 11:15.3.0
ESSL Version: OpenGL ES GLSL 3.20 glslang Khronos. 15.3.0
GLSL Version: 4.60 glslang Khronos. 15.3.0
SPIR-V Version 0x00010600, Revision 1
GLSL.std.450 Version 100, Revision 1
Khronos Tool ID 8
SPIR-V Generator Version 11
GL_KHR_vulkan_glsl version 100
ARB_GL_gl_spirv version 100

[19:09:42.190] [INFO] [ShaderValidator] spirv-val found: SPIRV-Tools v2025.3 v2025.3.rc1-0-g33e02568
Targets:
  SPIR-V 1.0
  SPIR-V 1.1
  SPIR-V 1.2
  SPIR-V 1.3
  SPIR-V 1.4
  SPIR-V 1.5
  SPIR-V 1.6
  SPIR-V 1.2 (under OpenCL 2.2 Full Profile semantics)
  SPIR-V 1.0 (under Vulkan 1.0 semantics)
  SPIR-V 1.3 (under Vulkan 1.1 semantics)
  SPIR-V 1.4 (under Vulkan 1.1 semantics)
  SPIR-V 1.5 (under Vulkan 1.2 semantics)
  SPIR-V 1.6 (under Vulkan 1.3 semantics) SPIR-V 1.6 (under Vulkan 1.4 semantics)

[19:09:42.190] [INFO] [VulkanRenderer] Validating SPIR-V shaders...
[19:09:42.190] [INFO] [ShaderValidator] Validating SPIR-V: spirv-val "build\bin\Debug\Assets\Shaders\triangle.vert.spv"
[19:09:42.219] [INFO] [ShaderValidator] SPIR-V validation successful: build\bin\Debug\Assets\Shaders\triangle.vert.spv
[19:09:42.219] [INFO] [ShaderValidator] Validating SPIR-V: spirv-val "build\bin\Debug\Assets\Shaders\triangle.frag.spv"
[19:09:42.244] [INFO] [ShaderValidator] SPIR-V validation successful: build\bin\Debug\Assets\Shaders\triangle.frag.spv
[19:09:42.244] [INFO] [VulkanRenderer] SPIR-V shader validation successful
[19:09:42.244] [INFO] [VulkanRenderer] Creating vertex shader...
[19:09:42.245] [DEBUG] [VulkanShader] VulkanShader created
[19:09:42.245] [INFO] [VulkanShader] Initializing shader: build\bin\Debug\Assets\Shaders\triangle.vert.spv (stage: 1)
[19:09:42.245] [DEBUG] [VulkanShader] Reading shader file: build\bin\Debug\Assets\Shaders\triangle.vert.spv
[19:09:42.245] [DEBUG] [VulkanShader] Shader file size: 1676 bytes
[19:09:42.245] [DEBUG] [VulkanShader] Shader file read successfully
[19:09:42.245] [DEBUG] [VulkanShader] Shader file read successfully, size: 1676 bytes
[19:09:42.245] [DEBUG] [VulkanShader] Creating shader module
[19:09:42.245] [DEBUG] [VulkanShader] Shader module created successfully
[19:09:42.246] [INFO] [VulkanShader] Shader initialized successfully: build\bin\Debug\Assets\Shaders\triangle.vert.spv
[19:09:42.246] [INFO] [VulkanRenderer] Vertex shader initialized successfully - module: 1783955918352
[19:09:42.246] [INFO] [VulkanRenderer] Creating fragment shader...
[19:09:42.246] [DEBUG] [VulkanShader] VulkanShader created
[19:09:42.246] [INFO] [VulkanShader] Initializing shader: build\bin\Debug\Assets\Shaders\triangle.frag.spv (stage: 16)
[19:09:42.246] [DEBUG] [VulkanShader] Reading shader file: build\bin\Debug\Assets\Shaders\triangle.frag.spv
[19:09:42.246] [DEBUG] [VulkanShader] Shader file size: 572 bytes
[19:09:42.246] [DEBUG] [VulkanShader] Shader file read successfully
[19:09:42.246] [DEBUG] [VulkanShader] Shader file read successfully, size: 572 bytes
[19:09:42.246] [DEBUG] [VulkanShader] Creating shader module
[19:09:42.247] [DEBUG] [VulkanShader] Shader module created successfully
[19:09:42.247] [INFO] [VulkanShader] Shader initialized successfully: build\bin\Debug\Assets\Shaders\triangle.frag.spv
[19:09:42.247] [INFO] [VulkanRenderer] Fragment shader initialized successfully - module: 1783955916608
[19:09:42.247] [INFO] [VulkanRenderer] All shaders initialized successfully
[19:09:42.247] [INFO] [VulkanRenderer] Shaders initialized successfully
[19:09:42.247] [INFO] [VulkanRenderer] Creating descriptor set layout
[19:09:42.247] [DEBUG] [VulkanRenderer] Descriptor set layout created successfully
[19:09:42.247] [INFO] [VulkanRenderer] Descriptor set layout created successfully
[19:09:42.247] [INFO] [VulkanRenderer] Initializing graphics pipeline
[19:09:42.247] [DEBUG] [VulkanPipeline] VulkanPipeline created
[19:09:42.247] [INFO] [VulkanRenderer] Attempting pipeline initialization with full vertex input...
[19:09:42.247] [INFO] [VulkanPipeline] Initializing Vulkan pipeline with 2 shaders
[19:09:42.247] [DEBUG] [VulkanPipeline] Creating pipeline layout
[19:09:42.247] [DEBUG] [VulkanPipeline] Using descriptor set layout for pipeline layout
[19:09:42.247] [DEBUG] [VulkanPipeline] Pipeline layout created successfully
[19:09:42.248] [DEBUG] [VulkanPipeline] Pipeline layout created successfully
[19:09:42.248] [INFO] [VulkanPipeline] Creating graphics pipeline
[19:09:42.248] [DEBUG] [VulkanPipeline] Creating shader stages...
[19:09:42.248] [INFO] [VulkanPipeline] Creating shader stages for 2 shaders
[19:09:42.248] [INFO] [VulkanPipeline] Processing shader 0: stage=1, module=1783955918352
[19:09:42.248] [DEBUG] [VulkanPipeline] Added shader stage: 1 (module: 1783955918352)
[19:09:42.248] [INFO] [VulkanPipeline] Processing shader 1: stage=16, module=1783955916608
[19:09:42.248] [DEBUG] [VulkanPipeline] Added shader stage: 16 (module: 1783955916608)
[19:09:42.248] [INFO] [VulkanPipeline] Successfully created 2 shader stages
[19:09:42.248] [INFO] [VulkanPipeline] Shader stages created: 2 stages
[19:09:42.248] [DEBUG] [VulkanPipeline] Creating vertex input state...
[19:09:42.248] [INFO] [VulkanPipeline] Creating vertex input state
[19:09:42.248] [INFO] [VulkanPipeline] Binding description:
[19:09:42.248] [INFO] [VulkanPipeline]   - binding: 0
[19:09:42.248] [INFO] [VulkanPipeline]   - stride: 20
[19:09:42.248] [INFO] [VulkanPipeline]   - inputRate: 0
[19:09:42.248] [INFO] [VulkanPipeline] Attribute descriptions count: 2
[19:09:42.248] [INFO] [VulkanPipeline] Attribute 0:
[19:09:42.248] [INFO] [VulkanPipeline]   - binding: 0
[19:09:42.248] [INFO] [VulkanPipeline]   - location: 0
[19:09:42.248] [INFO] [VulkanPipeline]   - format: 103
[19:09:42.249] [INFO] [VulkanPipeline]   - offset: 0
[19:09:42.249] [INFO] [VulkanPipeline] Attribute 1:
[19:09:42.249] [INFO] [VulkanPipeline]   - binding: 0
[19:09:42.249] [INFO] [VulkanPipeline]   - location: 1
[19:09:42.249] [INFO] [VulkanPipeline]   - format: 106
[19:09:42.249] [INFO] [VulkanPipeline]   - offset: 8
[19:09:42.249] [INFO] [VulkanPipeline] Expected shader layout:
[19:09:42.249] [INFO] [VulkanPipeline]   - layout(location = 0) in vec2 inPosition
[19:09:42.249] [INFO] [VulkanPipeline]   - layout(location = 1) in vec3 inColor
[19:09:42.249] [DEBUG] [VulkanPipeline] Vertex input state created successfully
[19:09:42.249] [DEBUG] [VulkanPipeline] Vertex input state created
[19:09:42.249] [DEBUG] [VulkanPipeline] Creating input assembly state...
[19:09:42.249] [DEBUG] [VulkanPipeline] Input assembly state created (TRIANGLE_LIST)
[19:09:42.249] [DEBUG] [VulkanPipeline] Setting up dynamic states...
[19:09:42.249] [DEBUG] [VulkanPipeline] Dynamic states configured: 2 states
[19:09:42.249] [DEBUG] [VulkanPipeline] Creating viewport state...
[19:09:42.249] [DEBUG] [VulkanPipeline] Viewport state created (dynamic)
[19:09:42.249] [DEBUG] [VulkanPipeline] Creating rasterization state...
[19:09:42.249] [DEBUG] [VulkanPipeline] Rasterization state created (FILL, NO_CULL, COUNTER_CLOCKWISE)
[19:09:42.249] [DEBUG] [VulkanPipeline] Creating multisample state...
[19:09:42.250] [DEBUG] [VulkanPipeline] Multisample state created (1 sample)
[19:09:42.250] [DEBUG] [VulkanPipeline] Creating depth stencil state...
[19:09:42.250] [DEBUG] [VulkanPipeline] Depth stencil state created (LESS, depth test enabled)
[19:09:42.250] [DEBUG] [VulkanPipeline] Creating color blend state...
[19:09:42.250] [DEBUG] [VulkanPipeline] Color blend state created (no blending)
[19:09:42.250] [INFO] [VulkanPipeline] Assembling pipeline create info...
[19:09:42.250] [INFO] [VulkanPipeline] Pipeline layout: 1783955918048
[19:09:42.250] [INFO] [VulkanPipeline] Render pass: 1783727763984
[19:09:42.250] [INFO] [VulkanPipeline] Creating Vulkan graphics pipeline...
[19:09:42.250] [INFO] [VulkanPipeline] Pipeline create info validation:
[19:09:42.250] [INFO] [VulkanPipeline]   - Stage count: 2
[19:09:42.250] [INFO] [VulkanPipeline]   - Layout: 1783955918048
[19:09:42.250] [INFO] [VulkanPipeline]   - Render pass: 1783727763984
[19:09:42.250] [INFO] [VulkanPipeline]   - Subpass: 0
[19:09:42.250] [INFO] [VulkanPipeline]   - Shader stage 0: module = 1783955918352
[19:09:42.250] [INFO] [VulkanPipeline]   - Shader stage 1: module = 1783955916608
[19:09:42.251] [INFO] [VulkanPipeline] Device handle: 1783727440208
[19:09:42.251] [INFO] [VulkanPipeline] About to call vkCreateGraphicsPipelines...
[19:09:42.251] [INFO] [VulkanPipeline] Pre-validation checks:
[19:09:42.251] [INFO] [VulkanPipeline]   - Device handle: 1783727440208
[19:09:42.251] [INFO] [VulkanPipeline]   - Pipeline layout: 1783955918048
[19:09:42.251] [INFO] [VulkanPipeline]   - Render pass: 1783727763984
[19:09:42.251] [INFO] [VulkanPipeline]   - Shader stage count: 2
[19:09:42.251] [INFO] [VulkanPipeline]   - Shader stage 0: module = 1783955918352 (stage = 1)
[19:09:42.251] [INFO] [VulkanPipeline]   - Shader stage 1: module = 1783955916608 (stage = 16)
[19:09:42.251] [INFO] [VulkanPipeline] Calling vkCreateGraphicsPipelines now...
[19:09:42.251] [INFO] [VulkanPipeline] vkCreateGraphicsPipelines took 0 ms
[19:09:42.252] [INFO] [VulkanPipeline] vkCreateGraphicsPipelines returned: 0
[19:09:42.252] [INFO] [VulkanPipeline] Graphics pipeline created successfully: 1784491220768
[19:09:42.252] [INFO] [VulkanPipeline] Vulkan pipeline initialized successfully
[19:09:42.252] [INFO] [VulkanRenderer] Graphics pipeline initialized successfully with full vertex input
[19:09:42.252] [INFO] [VulkanRenderer] Pipeline initialized successfully
[19:09:42.252] [INFO] [VulkanRenderer] Initializing vertex buffer
[19:09:42.252] [DEBUG] [VulkanBuffer] VulkanBuffer created
[19:09:42.252] [INFO] [VulkanBuffer] Initializing buffer: size=60 bytes, usage=128, properties=6
[19:09:42.252] [DEBUG] [VulkanBuffer] Creating buffer
[19:09:42.252] [DEBUG] [VulkanBuffer] Buffer created with handle: 1783953968384
[19:09:42.252] [DEBUG] [VulkanBuffer] Buffer created successfully
[19:09:42.252] [DEBUG] [VulkanBuffer] Allocating buffer memory
[19:09:42.252] [DEBUG] [VulkanBuffer] Memory requirements: size=60, alignment=4, typeBits=15
[19:09:42.252] [DEBUG] [VulkanBuffer] Found suitable memory type: 1
[19:09:42.253] [DEBUG] [VulkanBuffer] Memory allocated with handle: 1783956730992
[19:09:42.253] [DEBUG] [VulkanBuffer] Memory allocated successfully
[19:09:42.253] [DEBUG] [VulkanBuffer] Binding memory to buffer
[19:09:42.253] [DEBUG] [VulkanBuffer] Memory bound to buffer successfully
[19:09:42.253] [INFO] [VulkanBuffer] Buffer initialized successfully
[19:09:42.253] [DEBUG] [VulkanBuffer] Buffer mapped successfully
[19:09:42.253] [DEBUG] [VulkanBuffer] Buffer unmapped successfully
[19:09:42.254] [DEBUG] [VulkanRenderer] Vertex buffer initialized with 3 vertices
[19:09:42.254] [INFO] [VulkanRenderer] Vertex buffer initialized successfully
[19:09:42.254] [INFO] [VulkanRenderer] Creating descriptor pool
[19:09:42.255] [DEBUG] [VulkanRenderer] Descriptor pool created successfully
[19:09:42.255] [INFO] [VulkanRenderer] Descriptor pool created successfully
[19:09:42.255] [INFO] [VulkanRenderer] Creating uniform buffers
[19:09:42.255] [DEBUG] [VulkanBuffer] VulkanBuffer created
[19:09:42.255] [INFO] [VulkanBuffer] Initializing buffer: size=192 bytes, usage=16, properties=6
[19:09:42.255] [DEBUG] [VulkanBuffer] Creating buffer
[19:09:42.255] [DEBUG] [VulkanBuffer] Buffer created with handle: 1783953971840
[19:09:42.255] [DEBUG] [VulkanBuffer] Buffer created successfully
[19:09:42.255] [DEBUG] [VulkanBuffer] Allocating buffer memory
[19:09:42.255] [DEBUG] [VulkanBuffer] Memory requirements: size=192, alignment=16, typeBits=15
[19:09:42.255] [DEBUG] [VulkanBuffer] Found suitable memory type: 1
[19:09:42.256] [DEBUG] [VulkanBuffer] Memory allocated with handle: 1783956729808
[19:09:42.256] [DEBUG] [VulkanBuffer] Memory allocated successfully
[19:09:42.256] [DEBUG] [VulkanBuffer] Binding memory to buffer
[19:09:42.256] [DEBUG] [VulkanBuffer] Memory bound to buffer successfully
[19:09:42.256] [INFO] [VulkanBuffer] Buffer initialized successfully
[19:09:42.256] [DEBUG] [VulkanRenderer] Uniform buffer 0 created successfully
[19:09:42.256] [DEBUG] [VulkanBuffer] VulkanBuffer created
[19:09:42.256] [INFO] [VulkanBuffer] Initializing buffer: size=192 bytes, usage=16, properties=6
[19:09:42.256] [DEBUG] [VulkanBuffer] Creating buffer
[19:09:42.256] [DEBUG] [VulkanBuffer] Buffer created with handle: 1783953966080
[19:09:42.257] [DEBUG] [VulkanBuffer] Buffer created successfully
[19:09:42.257] [DEBUG] [VulkanBuffer] Allocating buffer memory
[19:09:42.257] [DEBUG] [VulkanBuffer] Memory requirements: size=192, alignment=16, typeBits=15
[19:09:42.257] [DEBUG] [VulkanBuffer] Found suitable memory type: 1
[19:09:42.257] [DEBUG] [VulkanBuffer] Memory allocated with handle: 1783956733952
[19:09:42.257] [DEBUG] [VulkanBuffer] Memory allocated successfully
[19:09:42.257] [DEBUG] [VulkanBuffer] Binding memory to buffer
[19:09:42.258] [DEBUG] [VulkanBuffer] Memory bound to buffer successfully
[19:09:42.258] [INFO] [VulkanBuffer] Buffer initialized successfully
[19:09:42.258] [DEBUG] [VulkanRenderer] Uniform buffer 1 created successfully
[19:09:42.258] [DEBUG] [VulkanRenderer] All uniform buffers created successfully
[19:09:42.258] [INFO] [VulkanRenderer] Uniform buffers created successfully
[19:09:42.258] [INFO] [VulkanRenderer] Creating descriptor sets
[19:09:42.258] [DEBUG] [VulkanRenderer] Descriptor sets allocated successfully
[19:09:42.258] [INFO] [VulkanRenderer] Descriptor sets created successfully
[19:09:42.258] [INFO] [VulkanRenderer] Updating descriptor sets
[19:09:42.258] [DEBUG] [VulkanRenderer] Descriptor sets updated successfully
[19:09:42.258] [INFO] [VulkanRenderer] Descriptor sets updated successfully
[19:09:42.258] [DEBUG] [Camera] Camera created with default configuration
[19:09:42.258] [DEBUG] [Camera] View matrix updated
[19:09:42.258] [DEBUG] [Camera] Projection matrix updated
[19:09:42.258] [DEBUG] [Camera] Both view and projection matrices updated
[19:09:42.259] [INFO] [Camera] Camera initialized successfully
[19:09:42.259] [DEBUG] [Camera] Position: (0, 0, 2)
[19:09:42.259] [DEBUG] [Camera] Target: (0, 0, 0)
[19:09:42.259] [DEBUG] [Camera] FOV: 45°, Aspect Ratio: 1.7777778
[19:09:42.259] [INFO] [VulkanRenderer] Camera initialized successfully
[19:09:42.259] [INFO] [VulkanRenderer] Start time set for animation
[19:09:42.259] [INFO] [VulkanRenderer] VulkanRenderer initialized successfully
[19:09:42.259] [INFO] [Engine] Engine initialization complete
[19:09:42.259] [DEBUG] [Engine] New frame started
[19:09:42.259] [DEBUG] [Engine] Updating subsystem: PlatformSubsystem
[19:09:42.259] [DEBUG] [Engine] Subsystem PlatformSubsystem updated
[19:09:42.259] [DEBUG] [Engine] Updating subsystem: AssetSubsystem
[19:09:42.259] [DEBUG] [Engine] Subsystem AssetSubsystem updated
[19:09:42.259] [DEBUG] [Engine] Updating subsystem: VulkanRenderer
[19:09:42.259] [DEBUG] [VulkanRenderer] OnUpdate called
[19:09:42.260] [DEBUG] [VulkanRenderer] Rendering frame with default triangle
[19:09:42.260] [DEBUG] [VulkanRenderer] Starting DrawFrame - frame index: 0
[19:09:42.260] [DEBUG] [VulkanRenderer] Starting DrawFrame - frame: 0
[19:09:42.260] [DEBUG] [VulkanBuffer] Buffer mapped successfully
[19:09:42.260] [DEBUG] [VulkanBuffer] Buffer unmapped successfully
[19:09:42.260] [DEBUG] [VulkanRenderer] Uniform buffer updated for frame 0
[19:09:42.260] [DEBUG] [VulkanRenderer] vkAcquireNextImageKHR result: 0
[19:09:42.260] [DEBUG] [VulkanRenderer] Acquired image index: 0
[19:09:42.260] [DEBUG] [VulkanRenderer] Recording command buffer for image index: 0
[19:09:42.260] [DEBUG] [VulkanRenderer] Using command buffer: 1783955855440
[19:09:42.260] [DEBUG] [VulkanRenderer] Starting render pass with clear color: (0, 0, 0, 1)
