========================================
Astral Engine Log File
Started: 2025-09-15 19:12:06
========================================

[19:12:06.741] [INFO] [Logger] File logging initialized successfully
[19:12:06.742] [INFO] [Main] Starting Astral Engine...
[19:12:06.743] [INFO] [Main] Engine Version: 0.1.0-alpha
[19:12:06.744] [INFO] [Engine] Engine instance created
[19:12:06.744] [INFO] [Main] Registering subsystems...
[19:12:06.745] [DEBUG] [PlatformSubsystem] PlatformSubsystem created
[19:12:06.746] [DEBUG] [AssetSubsystem] AssetSubsystem created
[19:12:06.747] [INFO] [Main] All subsystems registered. Starting engine...
[19:12:06.747] [INFO] [Engine] Starting engine...
[19:12:06.748] [INFO] [Engine] Initializing engine and subsystems...
[19:12:06.748] [INFO] [Engine] Initializing subsystem: PlatformSubsystem
[19:12:06.749] [INFO] [PlatformSubsystem] Initializing platform subsystem...
[19:12:06.750] [INFO] [PlatformSubsystem] Using SDL3 for platform abstraction
[19:12:06.750] [DEBUG] [Window] Window instance created
[19:12:06.751] [INFO] [Window] Initializing window: 'Astral Engine v0.1.0-alpha' (1280x720)
[19:12:06.847] [INFO] [Window] SDL3 window created successfully
[19:12:06.849] [INFO] [Window] Window initialized successfully
[19:12:06.849] [DEBUG] [InputManager] InputManager created
[19:12:06.850] [INFO] [InputManager] InputManager initialized successfully
[19:12:06.850] [WARN] [Window] CreateRenderContext called - Vulkan doesn't need traditional render context
[19:12:06.851] [WARN] [Window] Use CreateVulkanSurface for Vulkan rendering instead
[19:12:06.851] [INFO] [PlatformSubsystem] Platform subsystem initialized successfully
[19:12:06.852] [INFO] [PlatformSubsystem] Window: 1280x720, VSync: enabled
[19:12:06.852] [INFO] [Engine] Initializing subsystem: AssetSubsystem
[19:12:06.853] [INFO] [AssetSubsystem] Initializing asset subsystem...
[19:12:06.853] [DEBUG] [AssetManager] AssetManager created
[19:12:06.854] [INFO] [AssetManager] AssetManager initialized with directory: 'Assets'
[19:12:06.855] [INFO] [AssetSubsystem] Asset subsystem initialized successfully. Asset directory: 'Assets'
[19:12:06.856] [INFO] [Engine] Initializing subsystem: VulkanRenderer
[19:12:06.857] [INFO] [VulkanRenderer] Initializing VulkanRenderer...
[19:12:06.877] [DEBUG] [VulkanInstance] [Vulkan Debug][INFO][GENERAL]: No valid vk_loader_settings.json file found, no loader settings will be active
[19:12:06.878] [DEBUG] [VulkanInstance] [Vulkan Debug][INFO][GENERAL]: windows_get_app_package_manifest_path: Failed to find mapping layers packages by family name
[19:12:06.879] [DEBUG] [VulkanInstance] [Vulkan Debug][INFO][GENERAL]: Checking for Layer Manifest files in Registry at HKEY_LOCAL_MACHINE\SOFTWARE\Khronos\Vulkan\ImplicitLayers
[19:12:06.880] [DEBUG] [VulkanInstance] [Vulkan Debug][INFO][GENERAL]: windows_add_json_entry: Located json file "C:\WINDOWS\System32\DriverStore\FileRepository\u0415346.inf_amd64_65a03ee01ac1140e\B413472\amd-vulkan64.json" from PnP registry: E
[19:12:06.881] [DEBUG] [VulkanInstance] [Vulkan Debug][INFO][GENERAL]: Located json file "C:\Program Files (x86)\Steam\SteamOverlayVulkanLayer64.json" from registry "HKEY_LOCAL_MACHINE\SOFTWARE\Khronos\Vulkan\ImplicitLayers"
[19:12:06.881] [DEBUG] [VulkanInstance] [Vulkan Debug][INFO][GENERAL]: Located json file "C:\Program Files (x86)\Steam\SteamFossilizeVulkanLayer64.json" from registry "HKEY_LOCAL_MACHINE\SOFTWARE\Khronos\Vulkan\ImplicitLayers"
[19:12:06.882] [DEBUG] [VulkanInstance] [Vulkan Debug][INFO][GENERAL]: Located json file "C:\Users\tpoyr\Downloads\RenderDoc_1.40_64\RenderDoc_1.40_64\renderdoc.json" from registry "HKEY_LOCAL_MACHINE\SOFTWARE\Khronos\Vulkan\ImplicitLayers"
[19:12:06.883] [DEBUG] [VulkanInstance] [Vulkan Debug][INFO][GENERAL]: Found manifest file C:\WINDOWS\System32\DriverStore\FileRepository\u0415346.inf_amd64_65a03ee01ac1140e\B413472\amd-vulkan64.json (file version 1.0.0)
[19:12:06.885] [DEBUG] [VulkanInstance] [Vulkan Debug][INFO][GENERAL]: Found manifest file C:\Program Files (x86)\Steam\SteamOverlayVulkanLayer64.json (file version 1.0.0)
[19:12:06.886] [DEBUG] [VulkanInstance] [Vulkan Debug][INFO][GENERAL]: Found manifest file C:\Program Files (x86)\Steam\SteamFossilizeVulkanLayer64.json (file version 1.0.0)
[19:12:06.887] [DEBUG] [VulkanInstance] [Vulkan Debug][INFO][GENERAL]: Found manifest file C:\Users\tpoyr\Downloads\RenderDoc_1.40_64\RenderDoc_1.40_64\renderdoc.json (file version 1.1.2)
[19:12:06.888] [DEBUG] [VulkanInstance] [Vulkan Debug][INFO][GENERAL]: Checking for Layer Manifest files in Registry at HKEY_LOCAL_MACHINE\SOFTWARE\Khronos\Vulkan\ExplicitLayers
[19:12:06.889] [DEBUG] [VulkanInstance] [Vulkan Debug][INFO][GENERAL]: windows_get_device_registry_files: opening device PCI\VEN_1002&DEV_67DF&SUBSYS_23111458&REV_E1\4&1fc990d7&0&0019
[19:12:06.890] [DEBUG] [VulkanInstance] [Vulkan Debug][INFO][GENERAL]: windows_get_device_registry_entry: Device ID(1) Does not contain a value for "VulkanExplicitLayers"
[19:12:06.891] [DEBUG] [VulkanInstance] [Vulkan Debug][INFO][GENERAL]: windows_get_device_registry_files: Opening child device 99 - SWD\DRIVERENUM\AMDOCL&5&3E52D92&0
[19:12:06.891] [DEBUG] [VulkanInstance] [Vulkan Debug][INFO][GENERAL]: windows_get_device_registry_entry: Device ID(99) Does not contain a value for "VulkanExplicitLayers"
[19:12:06.892] [DEBUG] [VulkanInstance] [Vulkan Debug][INFO][GENERAL]: windows_get_device_registry_files: Opening child device 65 - SWD\DRIVERENUM\AMDWIN&5&3E52D92&0
[19:12:06.893] [DEBUG] [VulkanInstance] [Vulkan Debug][INFO][GENERAL]: windows_get_device_registry_entry: Device ID(65) Does not contain a value for "VulkanExplicitLayers"
[19:12:06.894] [DEBUG] [VulkanInstance] [Vulkan Debug][INFO][GENERAL]: windows_get_device_registry_files: Opening child device 114 - DISPLAY\HCS0270\5&3E52D92&0&UID256
[19:12:06.895] [DEBUG] [VulkanInstance] [Vulkan Debug][VERBOSE][GENERAL]: windows_get_device_registry_files: GUID for 114 is not SoftwareComponent skipping
[19:12:06.895] [DEBUG] [VulkanInstance] [Vulkan Debug][INFO][GENERAL]: windows_get_device_registry_files: found no registry files
[19:12:06.896] [DEBUG] [VulkanInstance] [Vulkan Debug][INFO][GENERAL]: Located json file "C:\VulkanSDK\1.4.321.1\Bin\VkLayer_api_dump.json" from registry "HKEY_LOCAL_MACHINE\SOFTWARE\Khronos\Vulkan\ExplicitLayers"
[19:12:06.896] [DEBUG] [VulkanInstance] [Vulkan Debug][INFO][GENERAL]: Located json file "C:\VulkanSDK\1.4.321.1\Bin\VkLayer_gfxreconstruct.json" from registry "HKEY_LOCAL_MACHINE\SOFTWARE\Khronos\Vulkan\ExplicitLayers"
[19:12:06.897] [DEBUG] [VulkanInstance] [Vulkan Debug][INFO][GENERAL]: Located json file "C:\VulkanSDK\1.4.321.1\Bin\VkLayer_khronos_synchronization2.json" from registry "HKEY_LOCAL_MACHINE\SOFTWARE\Khronos\Vulkan\ExplicitLayers"
[19:12:06.898] [DEBUG] [VulkanInstance] [Vulkan Debug][INFO][GENERAL]: Located json file "C:\VulkanSDK\1.4.321.1\Bin\VkLayer_khronos_validation.json" from registry "HKEY_LOCAL_MACHINE\SOFTWARE\Khronos\Vulkan\ExplicitLayers"
[19:12:06.898] [DEBUG] [VulkanInstance] [Vulkan Debug][INFO][GENERAL]: Located json file "C:\VulkanSDK\1.4.321.1\Bin\VkLayer_monitor.json" from registry "HKEY_LOCAL_MACHINE\SOFTWARE\Khronos\Vulkan\ExplicitLayers"
[19:12:06.899] [DEBUG] [VulkanInstance] [Vulkan Debug][INFO][GENERAL]: Located json file "C:\VulkanSDK\1.4.321.1\Bin\VkLayer_screenshot.json" from registry "HKEY_LOCAL_MACHINE\SOFTWARE\Khronos\Vulkan\ExplicitLayers"
[19:12:06.900] [DEBUG] [VulkanInstance] [Vulkan Debug][INFO][GENERAL]: Located json file "C:\VulkanSDK\1.4.321.1\Bin\VkLayer_khronos_profiles.json" from registry "HKEY_LOCAL_MACHINE\SOFTWARE\Khronos\Vulkan\ExplicitLayers"
[19:12:06.900] [DEBUG] [VulkanInstance] [Vulkan Debug][INFO][GENERAL]: Located json file "C:\VulkanSDK\1.4.321.1\Bin\VkLayer_khronos_shader_object.json" from registry "HKEY_LOCAL_MACHINE\SOFTWARE\Khronos\Vulkan\ExplicitLayers"
[19:12:06.901] [DEBUG] [VulkanInstance] [Vulkan Debug][INFO][GENERAL]: Located json file "C:\VulkanSDK\1.4.321.1\Bin\VkLayer_crash_diagnostic.json" from registry "HKEY_LOCAL_MACHINE\SOFTWARE\Khronos\Vulkan\ExplicitLayers"
[19:12:06.902] [DEBUG] [VulkanInstance] [Vulkan Debug][INFO][GENERAL]: Found manifest file C:\VulkanSDK\1.4.321.1\Bin\VkLayer_api_dump.json (file version 1.2.0)
[19:12:06.903] [DEBUG] [VulkanInstance] [Vulkan Debug][INFO][GENERAL]: Found manifest file C:\VulkanSDK\1.4.321.1\Bin\VkLayer_gfxreconstruct.json (file version 1.2.0)
[19:12:06.904] [DEBUG] [VulkanInstance] [Vulkan Debug][INFO][GENERAL]: Found manifest file C:\VulkanSDK\1.4.321.1\Bin\VkLayer_khronos_synchronization2.json (file version 1.2.0)
[19:12:06.906] [DEBUG] [VulkanInstance] [Vulkan Debug][INFO][GENERAL]: Found manifest file C:\VulkanSDK\1.4.321.1\Bin\VkLayer_khronos_validation.json (file version 1.2.0)
[19:12:06.907] [DEBUG] [VulkanInstance] [Vulkan Debug][INFO][GENERAL]: Found manifest file C:\VulkanSDK\1.4.321.1\Bin\VkLayer_monitor.json (file version 1.0.0)
[19:12:06.908] [DEBUG] [VulkanInstance] [Vulkan Debug][INFO][GENERAL]: Found manifest file C:\VulkanSDK\1.4.321.1\Bin\VkLayer_screenshot.json (file version 1.2.0)
[19:12:06.909] [DEBUG] [VulkanInstance] [Vulkan Debug][INFO][GENERAL]: Found manifest file C:\VulkanSDK\1.4.321.1\Bin\VkLayer_khronos_profiles.json (file version 1.2.1)
[19:12:06.910] [DEBUG] [VulkanInstance] [Vulkan Debug][INFO][GENERAL]: Found manifest file C:\VulkanSDK\1.4.321.1\Bin\VkLayer_khronos_shader_object.json (file version 1.2.0)
[19:12:06.912] [DEBUG] [VulkanInstance] [Vulkan Debug][INFO][GENERAL]: Found manifest file C:\VulkanSDK\1.4.321.1\Bin\VkLayer_crash_diagnostic.json (file version 1.2.0)
[19:12:06.913] [DEBUG] [VulkanInstance] [Vulkan Debug][INFO][GENERAL]: windows_get_app_package_manifest_path: Failed to find mapping layers packages by family name
[19:12:06.913] [DEBUG] [VulkanInstance] [Vulkan Debug][INFO][GENERAL]: Checking for Driver Manifest files in Registry at HKEY_LOCAL_MACHINE\SOFTWARE\Khronos\Vulkan\Drivers
[19:12:06.914] [DEBUG] [VulkanInstance] [Vulkan Debug][INFO][GENERAL]: windows_add_json_entry: Located json file "C:\WINDOWS\System32\DriverStore\FileRepository\u0415346.inf_amd64_65a03ee01ac1140e\B413472\amd-vulkan64.json" from PnP registry: E
[19:12:06.915] [DEBUG] [VulkanInstance] [Vulkan Debug][INFO][GENERAL]: Found no registry files in HKEY_LOCAL_MACHINE\SOFTWARE\Khronos\Vulkan\Drivers
[19:12:06.916] [DEBUG] [VulkanInstance] [Vulkan Debug][INFO][GENERAL]: Found ICD manifest file C:\WINDOWS\System32\DriverStore\FileRepository\u0415346.inf_amd64_65a03ee01ac1140e\B413472\amd-vulkan64.json, version 1.0.0
[19:12:06.916] [DEBUG] [VulkanInstance] [Vulkan Debug][VERBOSE][GENERAL]: Searching for ICD drivers named .\amdvlk64.dll
[19:12:06.917] [WARN] [VulkanInstance] [Vulkan Debug][WARNING][GENERAL]: Layer VK_LAYER_AMD_switchable_graphics uses API version 1.3 which is older than the application specified API version of 1.4. May cause issues.
[19:12:06.917] [DEBUG] [VulkanInstance] [Vulkan Debug][VERBOSE][GENERAL]: Loading layer library C:\WINDOWS\System32\DriverStore\FileRepository\u0415346.inf_amd64_65a03ee01ac1140e\B413472\.\amdvlk64.dll
[19:12:06.917] [DEBUG] [VulkanInstance] [Vulkan Debug][INFO][GENERAL]: Insert instance layer "VK_LAYER_AMD_switchable_graphics" (C:\WINDOWS\System32\DriverStore\FileRepository\u0415346.inf_amd64_65a03ee01ac1140e\B413472\.\amdvlk64.dll)
[19:12:06.918] [DEBUG] [VulkanInstance] [Vulkan Debug][INFO][GENERAL]: vkCreateInstance layer callstack setup to:
[19:12:06.918] [DEBUG] [VulkanInstance] [Vulkan Debug][INFO][GENERAL]:    <Application>
[19:12:06.919] [DEBUG] [VulkanInstance] [Vulkan Debug][INFO][GENERAL]:      ||
[19:12:06.920] [DEBUG] [VulkanInstance] [Vulkan Debug][INFO][GENERAL]:    <Loader>
[19:12:06.920] [DEBUG] [VulkanInstance] [Vulkan Debug][INFO][GENERAL]:      ||
[19:12:06.921] [DEBUG] [VulkanInstance] [Vulkan Debug][INFO][GENERAL]:    VK_LAYER_AMD_switchable_graphics
[19:12:06.921] [DEBUG] [VulkanInstance] [Vulkan Debug][INFO][GENERAL]:            Type: Implicit
[19:12:06.922] [DEBUG] [VulkanInstance] [Vulkan Debug][INFO][GENERAL]:            Enabled By: Implicit Layer
[19:12:06.922] [DEBUG] [VulkanInstance] [Vulkan Debug][INFO][GENERAL]:                Disable Env Var:  DISABLE_LAYER_AMD_SWITCHABLE_GRAPHICS_1
[19:12:06.924] [DEBUG] [VulkanInstance] [Vulkan Debug][INFO][GENERAL]:            Manifest: C:\WINDOWS\System32\DriverStore\FileRepository\u0415346.inf_amd64_65a03ee01ac1140e\B413472\amd-vulkan64.json
[19:12:06.925] [DEBUG] [VulkanInstance] [Vulkan Debug][INFO][GENERAL]:            Library:  C:\WINDOWS\System32\DriverStore\FileRepository\u0415346.inf_amd64_65a03ee01ac1140e\B413472\.\amdvlk64.dll
[19:12:06.925] [DEBUG] [VulkanInstance] [Vulkan Debug][INFO][GENERAL]:      ||
[19:12:06.926] [DEBUG] [VulkanInstance] [Vulkan Debug][INFO][GENERAL]:    <Drivers>
[19:12:06.967] [WARN] [VulkanInstance] Debug utils extension not available - debug callback disabled
[19:12:06.969] [INFO] [VulkanGraphicsContext] Vulkan instance initialized successfully
[19:12:06.969] [INFO] [VulkanGraphicsContext] Initializing Vulkan device...
[19:12:06.970] [INFO] [VulkanGraphicsContext] Getting PlatformSubsystem from engine...
[19:12:06.971] [INFO] [VulkanGraphicsContext] PlatformSubsystem found: 2271505926608
[19:12:06.971] [INFO] [VulkanGraphicsContext] Window found: 2271505904128
[19:12:06.972] [INFO] [VulkanGraphicsContext] Calling VulkanDevice::Initialize...
[19:12:06.972] [INFO] [VulkanDevice] Initializing VulkanDevice...
[19:12:06.973] [INFO] [VulkanDevice] Creating Vulkan surface...
[19:12:06.974] [INFO] [VulkanDevice] Instance: 2271533907952
[19:12:06.974] [INFO] [VulkanDevice] Window: 2271505904128
[19:12:06.975] [INFO] [Window] Vulkan surface created successfully
[19:12:06.975] [INFO] [VulkanDevice] Vulkan surface created successfully: 2271540382384
[19:12:06.977] [INFO] [VulkanDevice] Found 1 Vulkan-capable GPUs
[19:12:06.980] [INFO] [VulkanDevice] Device 'Radeon RX 590 Series' score: 17584
[19:12:06.981] [INFO] [VulkanDevice] Reasons:
Discrete GPU (+1000)
Max texture size: 16384
Geometry shader supported (+100)
Tessellation shader supported (+100)

[19:12:06.992] [INFO] [VulkanDevice] Logical device created successfully
[19:12:06.993] [INFO] [VulkanDevice] Device queues retrieved successfully
[19:12:06.993] [INFO] [VulkanDevice] VulkanDevice initialized successfully
[19:12:06.994] [INFO] [VulkanDevice] Selected GPU: Radeon RX 590 Series
[19:12:06.996] [INFO] [VulkanGraphicsContext] Vulkan device initialized successfully
[19:12:06.996] [INFO] [VulkanSwapchain] Initializing VulkanSwapchain...
[19:12:06.998] [INFO] [VulkanSwapchain] Selected surface format: VK_FORMAT_B8G8R8A8_SRGB with SRGB nonlinear color space
[19:12:06.999] [INFO] [VulkanSwapchain] Selected present mode: VK_PRESENT_MODE_FIFO_KHR (VSync)
[19:12:06.999] [INFO] [VulkanSwapchain] Using surface-defined extent: 1280x720
[19:12:07.000] [INFO] [VulkanSwapchain] Creating swapchain with 3 images
[19:12:07.087] [INFO] [VulkanSwapchain] Swapchain created successfully
[19:12:07.087] [INFO] [VulkanSwapchain] Created 3 image views
[19:12:07.088] [INFO] [VulkanSwapchain] Selected depth format: 126
[19:12:07.089] [INFO] [VulkanSwapchain] Depth resources created successfully
[19:12:07.090] [INFO] [VulkanSwapchain] Render pass created successfully
[19:12:07.090] [INFO] [VulkanSwapchain] Created 3 framebuffers
[19:12:07.091] [INFO] [VulkanSwapchain] VulkanSwapchain initialized successfully
[19:12:07.091] [INFO] [VulkanSwapchain] Swapchain extent: 1280x720
[19:12:07.092] [INFO] [VulkanSwapchain] Swapchain image count: 3
[19:12:07.092] [INFO] [VulkanSwapchain] Swapchain format: 50
[19:12:07.093] [INFO] [VulkanSwapchain] Depth format: 126
[19:12:07.093] [INFO] [VulkanGraphicsContext] Vulkan swapchain initialized successfully
[19:12:07.093] [INFO] [VulkanRenderer] Graphics context initialized successfully
[19:12:07.094] [INFO] [VulkanRenderer] Initial viewport set to swapchain extent (1280x720)
[19:12:07.094] [INFO] [VulkanCommandPool] Initializing Vulkan command pool...
[19:12:07.095] [INFO] [VulkanCommandPool] Vulkan command pool initialized successfully
[19:12:07.095] [DEBUG] [VulkanCommandBufferManager] Command pool created successfully
[19:12:07.096] [DEBUG] [VulkanCommandPool] Allocated 2 command buffers
[19:12:07.096] [DEBUG] [VulkanCommandBufferManager] Command buffers allocated successfully
[19:12:07.097] [DEBUG] [VulkanCommandBufferManager] Synchronization objects created successfully
[19:12:07.097] [INFO] [VulkanCommandBufferManager] Command buffer manager initialized successfully
[19:12:07.097] [INFO] [VulkanRenderer] Command buffer manager initialized successfully
[19:12:07.098] [INFO] [VulkanRenderer] Render command queue initialized successfully
[19:12:07.099] [INFO] [VulkanRenderer] Initializing shaders
[19:12:07.126] [INFO] [ShaderValidator] glslangValidator found: Glslang Version: 11:15.3.0
ESSL Version: OpenGL ES GLSL 3.20 glslang Khronos. 15.3.0
GLSL Version: 4.60 glslang Khronos. 15.3.0
SPIR-V Version 0x00010600, Revision 1
GLSL.std.450 Version 100, Revision 1
Khronos Tool ID 8
SPIR-V Generator Version 11
GL_KHR_vulkan_glsl version 100
ARB_GL_gl_spirv version 100

[19:12:07.150] [INFO] [ShaderValidator] spirv-val found: SPIRV-Tools v2025.3 v2025.3.rc1-0-g33e02568
Targets:
  SPIR-V 1.0
  SPIR-V 1.1
  SPIR-V 1.2
  SPIR-V 1.3
  SPIR-V 1.4
  SPIR-V 1.5
  SPIR-V 1.6
  SPIR-V 1.2 (under OpenCL 2.2 Full Profile semantics)
  SPIR-V 1.0 (under Vulkan 1.0 semantics)
  SPIR-V 1.3 (under Vulkan 1.1 semantics)
  SPIR-V 1.4 (under Vulkan 1.1 semantics)
  SPIR-V 1.5 (under Vulkan 1.2 semantics)
  SPIR-V 1.6 (under Vulkan 1.3 semantics) SPIR-V 1.6 (under Vulkan 1.4 semantics)

[19:12:07.151] [INFO] [VulkanRenderer] Shader validation tools are available.
[19:12:07.152] [INFO] [VulkanRenderer] Base path: C:\Users\tpoyr\OneDrive\Desktop\AstralEngine\build\bin\Debug
[19:12:07.153] [INFO] [VulkanRenderer] Vertex shader path: C:\Users\tpoyr\OneDrive\Desktop\AstralEngine\build\bin\Debug\Assets\Shaders\triangle.vert.spv
[19:12:07.153] [INFO] [VulkanRenderer] Fragment shader path: C:\Users\tpoyr\OneDrive\Desktop\AstralEngine\build\bin\Debug\Assets\Shaders\triangle.frag.spv
[19:12:07.154] [INFO] [VulkanRenderer] Shader files found, proceeding with initialization
[19:12:07.179] [INFO] [ShaderValidator] glslangValidator found: Glslang Version: 11:15.3.0
ESSL Version: OpenGL ES GLSL 3.20 glslang Khronos. 15.3.0
GLSL Version: 4.60 glslang Khronos. 15.3.0
SPIR-V Version 0x00010600, Revision 1
GLSL.std.450 Version 100, Revision 1
Khronos Tool ID 8
SPIR-V Generator Version 11
GL_KHR_vulkan_glsl version 100
ARB_GL_gl_spirv version 100

[19:12:07.199] [INFO] [ShaderValidator] spirv-val found: SPIRV-Tools v2025.3 v2025.3.rc1-0-g33e02568
Targets:
  SPIR-V 1.0
  SPIR-V 1.1
  SPIR-V 1.2
  SPIR-V 1.3
  SPIR-V 1.4
  SPIR-V 1.5
  SPIR-V 1.6
  SPIR-V 1.2 (under OpenCL 2.2 Full Profile semantics)
  SPIR-V 1.0 (under Vulkan 1.0 semantics)
  SPIR-V 1.3 (under Vulkan 1.1 semantics)
  SPIR-V 1.4 (under Vulkan 1.1 semantics)
  SPIR-V 1.5 (under Vulkan 1.2 semantics)
  SPIR-V 1.6 (under Vulkan 1.3 semantics) SPIR-V 1.6 (under Vulkan 1.4 semantics)

[19:12:07.200] [INFO] [VulkanRenderer] Validating SPIR-V shaders...
[19:12:07.200] [INFO] [ShaderValidator] Validating SPIR-V: spirv-val "C:\Users\tpoyr\OneDrive\Desktop\AstralEngine\build\bin\Debug\Assets\Shaders\triangle.vert.spv"
[19:12:07.225] [INFO] [ShaderValidator] SPIR-V validation successful: C:\Users\tpoyr\OneDrive\Desktop\AstralEngine\build\bin\Debug\Assets\Shaders\triangle.vert.spv
[19:12:07.225] [INFO] [ShaderValidator] Validating SPIR-V: spirv-val "C:\Users\tpoyr\OneDrive\Desktop\AstralEngine\build\bin\Debug\Assets\Shaders\triangle.frag.spv"
[19:12:07.250] [INFO] [ShaderValidator] SPIR-V validation successful: C:\Users\tpoyr\OneDrive\Desktop\AstralEngine\build\bin\Debug\Assets\Shaders\triangle.frag.spv
[19:12:07.251] [INFO] [VulkanRenderer] SPIR-V shader validation successful
[19:12:07.251] [INFO] [VulkanRenderer] Creating vertex shader...
[19:12:07.252] [DEBUG] [VulkanShader] VulkanShader created
[19:12:07.252] [INFO] [VulkanShader] Initializing shader: C:\Users\tpoyr\OneDrive\Desktop\AstralEngine\build\bin\Debug\Assets\Shaders\triangle.vert.spv (stage: 1)
[19:12:07.253] [DEBUG] [VulkanShader] Reading shader file: C:\Users\tpoyr\OneDrive\Desktop\AstralEngine\build\bin\Debug\Assets\Shaders\triangle.vert.spv
[19:12:07.253] [DEBUG] [VulkanShader] Shader file size: 1676 bytes
[19:12:07.254] [DEBUG] [VulkanShader] Shader file read successfully
[19:12:07.254] [DEBUG] [VulkanShader] Shader file read successfully, size: 1676 bytes
[19:12:07.255] [DEBUG] [VulkanShader] Creating shader module
[19:12:07.255] [DEBUG] [VulkanShader] Shader module created successfully
[19:12:07.256] [INFO] [VulkanShader] Shader initialized successfully: C:\Users\tpoyr\OneDrive\Desktop\AstralEngine\build\bin\Debug\Assets\Shaders\triangle.vert.spv
[19:12:07.256] [INFO] [VulkanRenderer] Vertex shader initialized successfully - module: 2271770767344
[19:12:07.257] [INFO] [VulkanRenderer] Creating fragment shader...
[19:12:07.257] [DEBUG] [VulkanShader] VulkanShader created
[19:12:07.258] [INFO] [VulkanShader] Initializing shader: C:\Users\tpoyr\OneDrive\Desktop\AstralEngine\build\bin\Debug\Assets\Shaders\triangle.frag.spv (stage: 16)
[19:12:07.258] [DEBUG] [VulkanShader] Reading shader file: C:\Users\tpoyr\OneDrive\Desktop\AstralEngine\build\bin\Debug\Assets\Shaders\triangle.frag.spv
[19:12:07.259] [DEBUG] [VulkanShader] Shader file size: 572 bytes
[19:12:07.260] [DEBUG] [VulkanShader] Shader file read successfully
[19:12:07.260] [DEBUG] [VulkanShader] Shader file read successfully, size: 572 bytes
[19:12:07.260] [DEBUG] [VulkanShader] Creating shader module
[19:12:07.261] [DEBUG] [VulkanShader] Shader module created successfully
[19:12:07.261] [INFO] [VulkanShader] Shader initialized successfully: C:\Users\tpoyr\OneDrive\Desktop\AstralEngine\build\bin\Debug\Assets\Shaders\triangle.frag.spv
[19:12:07.261] [INFO] [VulkanRenderer] Fragment shader initialized successfully - module: 2271769959648
[19:12:07.262] [INFO] [VulkanRenderer] All shaders initialized successfully
[19:12:07.263] [INFO] [VulkanRenderer] Shaders initialized successfully
[19:12:07.264] [INFO] [VulkanRenderer] Creating descriptor set layout
[19:12:07.264] [DEBUG] [VulkanRenderer] Descriptor set layout created successfully
[19:12:07.265] [INFO] [VulkanRenderer] Descriptor set layout created successfully
[19:12:07.265] [INFO] [VulkanRenderer] Initializing graphics pipeline
[19:12:07.265] [DEBUG] [VulkanPipeline] VulkanPipeline created
[19:12:07.266] [INFO] [VulkanRenderer] Attempting pipeline initialization with full vertex input...
[19:12:07.266] [INFO] [VulkanPipeline] Initializing Vulkan pipeline with 2 shaders
[19:12:07.267] [DEBUG] [VulkanPipeline] Creating pipeline layout
[19:12:07.268] [DEBUG] [VulkanPipeline] Using descriptor set layout for pipeline layout
[19:12:07.268] [DEBUG] [VulkanPipeline] Pipeline layout created successfully
[19:12:07.269] [DEBUG] [VulkanPipeline] Pipeline layout created successfully
[19:12:07.269] [INFO] [VulkanPipeline] Creating graphics pipeline
[19:12:07.270] [DEBUG] [VulkanPipeline] Creating shader stages...
[19:12:07.270] [INFO] [VulkanPipeline] Creating shader stages for 2 shaders
[19:12:07.271] [INFO] [VulkanPipeline] Processing shader 0: stage=1, module=2271770767344
[19:12:07.271] [DEBUG] [VulkanPipeline] Added shader stage: 1 (module: 2271770767344)
[19:12:07.272] [INFO] [VulkanPipeline] Processing shader 1: stage=16, module=2271769959648
[19:12:07.272] [DEBUG] [VulkanPipeline] Added shader stage: 16 (module: 2271769959648)
[19:12:07.273] [INFO] [VulkanPipeline] Successfully created 2 shader stages
[19:12:07.273] [INFO] [VulkanPipeline] Shader stages created: 2 stages
[19:12:07.274] [DEBUG] [VulkanPipeline] Creating vertex input state...
[19:12:07.274] [INFO] [VulkanPipeline] Creating vertex input state
[19:12:07.275] [INFO] [VulkanPipeline] Binding description:
[19:12:07.275] [INFO] [VulkanPipeline]   - binding: 0
[19:12:07.275] [INFO] [VulkanPipeline]   - stride: 20
[19:12:07.276] [INFO] [VulkanPipeline]   - inputRate: 0
[19:12:07.276] [INFO] [VulkanPipeline] Attribute descriptions count: 2
[19:12:07.277] [INFO] [VulkanPipeline] Attribute 0:
[19:12:07.277] [INFO] [VulkanPipeline]   - binding: 0
[19:12:07.278] [INFO] [VulkanPipeline]   - location: 0
[19:12:07.279] [INFO] [VulkanPipeline]   - format: 103
[19:12:07.279] [INFO] [VulkanPipeline]   - offset: 0
[19:12:07.279] [INFO] [VulkanPipeline] Attribute 1:
[19:12:07.280] [INFO] [VulkanPipeline]   - binding: 0
[19:12:07.281] [INFO] [VulkanPipeline]   - location: 1
[19:12:07.281] [INFO] [VulkanPipeline]   - format: 106
[19:12:07.281] [INFO] [VulkanPipeline]   - offset: 8
[19:12:07.282] [INFO] [VulkanPipeline] Expected shader layout:
[19:12:07.282] [INFO] [VulkanPipeline]   - layout(location = 0) in vec2 inPosition
[19:12:07.282] [INFO] [VulkanPipeline]   - layout(location = 1) in vec3 inColor
[19:12:07.283] [DEBUG] [VulkanPipeline] Vertex input state created successfully
[19:12:07.283] [DEBUG] [VulkanPipeline] Vertex input state created
[19:12:07.284] [DEBUG] [VulkanPipeline] Creating input assembly state...
[19:12:07.284] [DEBUG] [VulkanPipeline] Input assembly state created (TRIANGLE_LIST)
[19:12:07.285] [DEBUG] [VulkanPipeline] Setting up dynamic states...
[19:12:07.285] [DEBUG] [VulkanPipeline] Dynamic states configured: 2 states
[19:12:07.286] [DEBUG] [VulkanPipeline] Creating viewport state...
[19:12:07.286] [DEBUG] [VulkanPipeline] Viewport state created (dynamic)
[19:12:07.287] [DEBUG] [VulkanPipeline] Creating rasterization state...
[19:12:07.287] [DEBUG] [VulkanPipeline] Rasterization state created (FILL, NO_CULL, COUNTER_CLOCKWISE)
[19:12:07.288] [DEBUG] [VulkanPipeline] Creating multisample state...
[19:12:07.288] [DEBUG] [VulkanPipeline] Multisample state created (1 sample)
[19:12:07.289] [DEBUG] [VulkanPipeline] Creating depth stencil state...
[19:12:07.289] [DEBUG] [VulkanPipeline] Depth stencil state created (LESS, depth test enabled)
[19:12:07.290] [DEBUG] [VulkanPipeline] Creating color blend state...
[19:12:07.290] [DEBUG] [VulkanPipeline] Color blend state created (no blending)
[19:12:07.290] [INFO] [VulkanPipeline] Assembling pipeline create info...
[19:12:07.291] [INFO] [VulkanPipeline] Pipeline layout: 2271769959008
[19:12:07.291] [INFO] [VulkanPipeline] Render pass: 2271541124016
[19:12:07.292] [INFO] [VulkanPipeline] Creating Vulkan graphics pipeline...
[19:12:07.293] [INFO] [VulkanPipeline] Pipeline create info validation:
[19:12:07.293] [INFO] [VulkanPipeline]   - Stage count: 2
[19:12:07.294] [INFO] [VulkanPipeline]   - Layout: 2271769959008
[19:12:07.294] [INFO] [VulkanPipeline]   - Render pass: 2271541124016
[19:12:07.295] [INFO] [VulkanPipeline]   - Subpass: 0
[19:12:07.296] [INFO] [VulkanPipeline]   - Shader stage 0: module = 2271770767344
[19:12:07.296] [INFO] [VulkanPipeline]   - Shader stage 1: module = 2271769959648
[19:12:07.297] [INFO] [VulkanPipeline] Device handle: 2271540771728
[19:12:07.297] [INFO] [VulkanPipeline] About to call vkCreateGraphicsPipelines...
[19:12:07.297] [INFO] [VulkanPipeline] Pre-validation checks:
[19:12:07.298] [INFO] [VulkanPipeline]   - Device handle: 2271540771728
[19:12:07.298] [INFO] [VulkanPipeline]   - Pipeline layout: 2271769959008
[19:12:07.299] [INFO] [VulkanPipeline]   - Render pass: 2271541124016
[19:12:07.299] [INFO] [VulkanPipeline]   - Shader stage count: 2
[19:12:07.300] [INFO] [VulkanPipeline]   - Shader stage 0: module = 2271770767344 (stage = 1)
[19:12:07.300] [INFO] [VulkanPipeline]   - Shader stage 1: module = 2271769959648 (stage = 16)
[19:12:07.301] [INFO] [VulkanPipeline] Calling vkCreateGraphicsPipelines now...
[19:12:07.301] [INFO] [VulkanPipeline] vkCreateGraphicsPipelines took 0 ms
[19:12:07.302] [INFO] [VulkanPipeline] vkCreateGraphicsPipelines returned: 0
[19:12:07.303] [INFO] [VulkanPipeline] Graphics pipeline created successfully: 2271770776752
[19:12:07.303] [INFO] [VulkanPipeline] Vulkan pipeline initialized successfully
[19:12:07.304] [INFO] [VulkanRenderer] Graphics pipeline initialized successfully with full vertex input
[19:12:07.304] [INFO] [VulkanRenderer] Pipeline initialized successfully
[19:12:07.305] [INFO] [VulkanRenderer] Initializing vertex buffer
[19:12:07.306] [DEBUG] [VulkanBuffer] VulkanBuffer created
[19:12:07.306] [INFO] [VulkanBuffer] Initializing buffer: size=60 bytes, usage=128, properties=6
[19:12:07.307] [DEBUG] [VulkanBuffer] Creating buffer
[19:12:07.308] [DEBUG] [VulkanBuffer] Buffer created with handle: 2271767455888
[19:12:07.308] [DEBUG] [VulkanBuffer] Buffer created successfully
[19:12:07.309] [DEBUG] [VulkanBuffer] Allocating buffer memory
[19:12:07.310] [DEBUG] [VulkanBuffer] Memory requirements: size=60, alignment=4, typeBits=15
[19:12:07.310] [DEBUG] [VulkanBuffer] Found suitable memory type: 1
[19:12:07.311] [DEBUG] [VulkanBuffer] Memory allocated with handle: 2271769950880
[19:12:07.311] [DEBUG] [VulkanBuffer] Memory allocated successfully
[19:12:07.312] [DEBUG] [VulkanBuffer] Binding memory to buffer
[19:12:07.313] [DEBUG] [VulkanBuffer] Memory bound to buffer successfully
[19:12:07.313] [INFO] [VulkanBuffer] Buffer initialized successfully
[19:12:07.313] [DEBUG] [VulkanBuffer] Buffer mapped successfully
[19:12:07.314] [DEBUG] [VulkanBuffer] Buffer unmapped successfully
[19:12:07.314] [DEBUG] [VulkanRenderer] Vertex buffer initialized with 3 vertices
[19:12:07.314] [INFO] [VulkanRenderer] Vertex buffer initialized successfully
[19:12:07.315] [INFO] [VulkanRenderer] Creating descriptor pool
[19:12:07.316] [DEBUG] [VulkanRenderer] Descriptor pool created successfully
[19:12:07.317] [INFO] [VulkanRenderer] Descriptor pool created successfully
[19:12:07.317] [INFO] [VulkanRenderer] Creating uniform buffers
[19:12:07.318] [DEBUG] [VulkanBuffer] VulkanBuffer created
[19:12:07.318] [INFO] [VulkanBuffer] Initializing buffer: size=192 bytes, usage=16, properties=6
[19:12:07.319] [DEBUG] [VulkanBuffer] Creating buffer
[19:12:07.319] [DEBUG] [VulkanBuffer] Buffer created with handle: 2271767452176
[19:12:07.320] [DEBUG] [VulkanBuffer] Buffer created successfully
[19:12:07.320] [DEBUG] [VulkanBuffer] Allocating buffer memory
[19:12:07.320] [DEBUG] [VulkanBuffer] Memory requirements: size=192, alignment=16, typeBits=15
[19:12:07.321] [DEBUG] [VulkanBuffer] Found suitable memory type: 1
[19:12:07.322] [DEBUG] [VulkanBuffer] Memory allocated with handle: 2271769953840
[19:12:07.322] [DEBUG] [VulkanBuffer] Memory allocated successfully
[19:12:07.322] [DEBUG] [VulkanBuffer] Binding memory to buffer
[19:12:07.323] [DEBUG] [VulkanBuffer] Memory bound to buffer successfully
[19:12:07.323] [INFO] [VulkanBuffer] Buffer initialized successfully
[19:12:07.324] [DEBUG] [VulkanRenderer] Uniform buffer 0 created successfully
[19:12:07.324] [DEBUG] [VulkanBuffer] VulkanBuffer created
[19:12:07.325] [INFO] [VulkanBuffer] Initializing buffer: size=192 bytes, usage=16, properties=6
[19:12:07.325] [DEBUG] [VulkanBuffer] Creating buffer
[19:12:07.325] [DEBUG] [VulkanBuffer] Buffer created with handle: 2271767456528
[19:12:07.326] [DEBUG] [VulkanBuffer] Buffer created successfully
[19:12:07.326] [DEBUG] [VulkanBuffer] Allocating buffer memory
[19:12:07.327] [DEBUG] [VulkanBuffer] Memory requirements: size=192, alignment=16, typeBits=15
[19:12:07.327] [DEBUG] [VulkanBuffer] Found suitable memory type: 1
[19:12:07.328] [DEBUG] [VulkanBuffer] Memory allocated with handle: 2271769956208
[19:12:07.328] [DEBUG] [VulkanBuffer] Memory allocated successfully
[19:12:07.329] [DEBUG] [VulkanBuffer] Binding memory to buffer
[19:12:07.329] [DEBUG] [VulkanBuffer] Memory bound to buffer successfully
[19:12:07.329] [INFO] [VulkanBuffer] Buffer initialized successfully
[19:12:07.330] [DEBUG] [VulkanRenderer] Uniform buffer 1 created successfully
[19:12:07.330] [DEBUG] [VulkanRenderer] All uniform buffers created successfully
[19:12:07.331] [INFO] [VulkanRenderer] Uniform buffers created successfully
[19:12:07.331] [INFO] [VulkanRenderer] Creating descriptor sets
[19:12:07.332] [DEBUG] [VulkanRenderer] Descriptor sets allocated successfully
[19:12:07.332] [INFO] [VulkanRenderer] Descriptor sets created successfully
[19:12:07.332] [INFO] [VulkanRenderer] Updating descriptor sets
[19:12:07.333] [DEBUG] [VulkanRenderer] Descriptor sets updated successfully
[19:12:07.333] [INFO] [VulkanRenderer] Descriptor sets updated successfully
[19:12:07.334] [DEBUG] [Camera] Camera created with default configuration
[19:12:07.334] [DEBUG] [Camera] View matrix updated
[19:12:07.335] [DEBUG] [Camera] Projection matrix updated
[19:12:07.335] [DEBUG] [Camera] Both view and projection matrices updated
[19:12:07.335] [INFO] [Camera] Camera initialized successfully
[19:12:07.336] [DEBUG] [Camera] Position: (0, 0, 2)
[19:12:07.336] [DEBUG] [Camera] Target: (0, 0, 0)
[19:12:07.336] [DEBUG] [Camera] FOV: 45°, Aspect Ratio: 1.7777778
[19:12:07.337] [INFO] [VulkanRenderer] Camera initialized successfully
[19:12:07.337] [INFO] [VulkanRenderer] Start time set for animation
[19:12:07.338] [INFO] [VulkanRenderer] VulkanRenderer initialized successfully
[19:12:07.338] [INFO] [Engine] Engine initialization complete
[19:12:07.339] [DEBUG] [Engine] New frame started
[19:12:07.340] [DEBUG] [Engine] Updating subsystem: PlatformSubsystem
[19:12:07.340] [DEBUG] [Window] Window gained focus
[19:12:07.342] [DEBUG] [Engine] Subsystem PlatformSubsystem updated
[19:12:07.342] [DEBUG] [Engine] Updating subsystem: AssetSubsystem
[19:12:07.342] [DEBUG] [Engine] Subsystem AssetSubsystem updated
[19:12:07.343] [DEBUG] [Engine] Updating subsystem: VulkanRenderer
[19:12:07.344] [DEBUG] [VulkanRenderer] OnUpdate called
[19:12:07.344] [DEBUG] [VulkanRenderer] Rendering frame with default triangle
[19:12:07.345] [DEBUG] [VulkanRenderer] Starting DrawFrame - frame index: 0
[19:12:07.345] [DEBUG] [VulkanRenderer] Starting DrawFrame - frame: 0
[19:12:07.346] [DEBUG] [VulkanBuffer] Buffer mapped successfully
[19:12:07.346] [DEBUG] [VulkanBuffer] Buffer unmapped successfully
[19:12:07.347] [DEBUG] [VulkanRenderer] Uniform buffer updated for frame 0
[19:12:07.347] [DEBUG] [VulkanRenderer] vkAcquireNextImageKHR result: 0
[19:12:07.348] [DEBUG] [VulkanRenderer] Acquired image index: 0
[19:12:07.348] [DEBUG] [VulkanRenderer] Recording command buffer for image index: 0
[19:12:07.349] [DEBUG] [VulkanRenderer] Using command buffer: 2271769896480
[19:12:07.349] [DEBUG] [VulkanRenderer] Starting render pass with clear color: (0, 0, 0, 1)
